<?xml version="1.0" encoding="UTF-8"?>
<testsuite xmlns:xsi="http://www.w3.org/2001/XMLSchema-instance" xsi:noNamespaceSchemaLocation="https://maven.apache.org/surefire/maven-surefire-plugin/xsd/surefire-test-report.xsd" name="com.github.AppTest" time="0.018" tests="1" errors="0" skipped="0" failures="0">
  <properties>
    <property name="gopherProxySet" value="false"/>
    <property name="awt.toolkit" value="sun.lwawt.macosx.LWCToolkit"/>
    <property name="file.encoding.pkg" value="sun.io"/>
    <property name="java.specification.version" value="1.8"/>
    <property name="sun.cpu.isalist" value=""/>
    <property name="sun.jnu.encoding" value="UTF-8"/>
    <property name="java.class.path" value="/Users/linmao.xia/WireMock/target/test-classes:/Users/linmao.xia/WireMock/target/classes:/Users/linmao.xia/.m2/repository/junit/junit/4.11/junit-4.11.jar:/Users/linmao.xia/.m2/repository/org/hamcrest/hamcrest-core/1.3/hamcrest-core-1.3.jar:/Users/linmao.xia/.m2/repository/com/github/tomakehurst/wiremock/2.20.0/wiremock-2.20.0.jar:/Users/linmao.xia/.m2/repository/org/eclipse/jetty/jetty-server/9.2.24.v20180105/jetty-server-9.2.24.v20180105.jar:/Users/linmao.xia/.m2/repository/javax/servlet/javax.servlet-api/3.1.0/javax.servlet-api-3.1.0.jar:/Users/linmao.xia/.m2/repository/org/eclipse/jetty/jetty-http/9.2.24.v20180105/jetty-http-9.2.24.v20180105.jar:/Users/linmao.xia/.m2/repository/org/eclipse/jetty/jetty-io/9.2.24.v20180105/jetty-io-9.2.24.v20180105.jar:/Users/linmao.xia/.m2/repository/org/eclipse/jetty/jetty-servlet/9.2.24.v20180105/jetty-servlet-9.2.24.v20180105.jar:/Users/linmao.xia/.m2/repository/org/eclipse/jetty/jetty-security/9.2.24.v20180105/jetty-security-9.2.24.v20180105.jar:/Users/linmao.xia/.m2/repository/org/eclipse/jetty/jetty-servlets/9.2.24.v20180105/jetty-servlets-9.2.24.v20180105.jar:/Users/linmao.xia/.m2/repository/org/eclipse/jetty/jetty-continuation/9.2.24.v20180105/jetty-continuation-9.2.24.v20180105.jar:/Users/linmao.xia/.m2/repository/org/eclipse/jetty/jetty-util/9.2.24.v20180105/jetty-util-9.2.24.v20180105.jar:/Users/linmao.xia/.m2/repository/org/eclipse/jetty/jetty-webapp/9.2.24.v20180105/jetty-webapp-9.2.24.v20180105.jar:/Users/linmao.xia/.m2/repository/org/eclipse/jetty/jetty-xml/9.2.24.v20180105/jetty-xml-9.2.24.v20180105.jar:/Users/linmao.xia/.m2/repository/com/google/guava/guava/20.0/guava-20.0.jar:/Users/linmao.xia/.m2/repository/com/fasterxml/jackson/core/jackson-core/2.8.11/jackson-core-2.8.11.jar:/Users/linmao.xia/.m2/repository/com/fasterxml/jackson/core/jackson-annotations/2.8.11/jackson-annotations-2.8.11.jar:/Users/linmao.xia/.m2/repository/com/fasterxml/jackson/core/jackson-databind/2.8.11.2/jackson-databind-2.8.11.2.jar:/Users/linmao.xia/.m2/repository/org/apache/httpcomponents/httpclient/4.5.5/httpclient-4.5.5.jar:/Users/linmao.xia/.m2/repository/org/apache/httpcomponents/httpcore/4.4.9/httpcore-4.4.9.jar:/Users/linmao.xia/.m2/repository/commons-logging/commons-logging/1.2/commons-logging-1.2.jar:/Users/linmao.xia/.m2/repository/commons-codec/commons-codec/1.10/commons-codec-1.10.jar:/Users/linmao.xia/.m2/repository/org/xmlunit/xmlunit-core/2.5.1/xmlunit-core-2.5.1.jar:/Users/linmao.xia/.m2/repository/org/xmlunit/xmlunit-legacy/2.5.1/xmlunit-legacy-2.5.1.jar:/Users/linmao.xia/.m2/repository/com/jayway/jsonpath/json-path/2.4.0/json-path-2.4.0.jar:/Users/linmao.xia/.m2/repository/net/minidev/json-smart/2.3/json-smart-2.3.jar:/Users/linmao.xia/.m2/repository/net/minidev/accessors-smart/1.2/accessors-smart-1.2.jar:/Users/linmao.xia/.m2/repository/org/ow2/asm/asm/5.0.4/asm-5.0.4.jar:/Users/linmao.xia/.m2/repository/org/slf4j/slf4j-api/1.7.12/slf4j-api-1.7.12.jar:/Users/linmao.xia/.m2/repository/net/sf/jopt-simple/jopt-simple/5.0.3/jopt-simple-5.0.3.jar:/Users/linmao.xia/.m2/repository/org/apache/commons/commons-lang3/3.7/commons-lang3-3.7.jar:/Users/linmao.xia/.m2/repository/com/flipkart/zjsonpatch/zjsonpatch/0.4.4/zjsonpatch-0.4.4.jar:/Users/linmao.xia/.m2/repository/com/github/jknack/handlebars/4.0.7/handlebars-4.0.7.jar:/Users/linmao.xia/.m2/repository/org/antlr/antlr4-runtime/4.7.1/antlr4-runtime-4.7.1.jar:/Users/linmao.xia/.m2/repository/com/github/jknack/handlebars-helpers/4.0.7/handlebars-helpers-4.0.7.jar:"/>
    <property name="java.vm.vendor" value="Oracle Corporation"/>
    <property name="sun.arch.data.model" value="64"/>
    <property name="java.vendor.url" value="http://java.oracle.com/"/>
    <property name="user.timezone" value=""/>
    <property name="java.vm.specification.version" value="1.8"/>
    <property name="os.name" value="Mac OS X"/>
    <property name="user.country" value="CN"/>
    <property name="sun.java.launcher" value="SUN_STANDARD"/>
    <property name="sun.boot.library.path" value="/Library/Java/JavaVirtualMachines/jdk1.8.0_221.jdk/Contents/Home/jre/lib"/>
    <property name="sun.java.command" value="/Users/linmao.xia/WireMock/target/surefire/surefirebooter512873284056780915.jar /Users/linmao.xia/WireMock/target/surefire 2019-12-05T13-59-40_660-jvmRun1 surefire8714054664328895327tmp surefire_08825771775293143677tmp"/>
    <property name="http.nonProxyHosts" value="local|*.local|169.254/16|*.169.254/16"/>
    <property name="surefire.test.class.path" value="/Users/linmao.xia/WireMock/target/test-classes:/Users/linmao.xia/WireMock/target/classes:/Users/linmao.xia/.m2/repository/junit/junit/4.11/junit-4.11.jar:/Users/linmao.xia/.m2/repository/org/hamcrest/hamcrest-core/1.3/hamcrest-core-1.3.jar:/Users/linmao.xia/.m2/repository/com/github/tomakehurst/wiremock/2.20.0/wiremock-2.20.0.jar:/Users/linmao.xia/.m2/repository/org/eclipse/jetty/jetty-server/9.2.24.v20180105/jetty-server-9.2.24.v20180105.jar:/Users/linmao.xia/.m2/repository/javax/servlet/javax.servlet-api/3.1.0/javax.servlet-api-3.1.0.jar:/Users/linmao.xia/.m2/repository/org/eclipse/jetty/jetty-http/9.2.24.v20180105/jetty-http-9.2.24.v20180105.jar:/Users/linmao.xia/.m2/repository/org/eclipse/jetty/jetty-io/9.2.24.v20180105/jetty-io-9.2.24.v20180105.jar:/Users/linmao.xia/.m2/repository/org/eclipse/jetty/jetty-servlet/9.2.24.v20180105/jetty-servlet-9.2.24.v20180105.jar:/Users/linmao.xia/.m2/repository/org/eclipse/jetty/jetty-security/9.2.24.v20180105/jetty-security-9.2.24.v20180105.jar:/Users/linmao.xia/.m2/repository/org/eclipse/jetty/jetty-servlets/9.2.24.v20180105/jetty-servlets-9.2.24.v20180105.jar:/Users/linmao.xia/.m2/repository/org/eclipse/jetty/jetty-continuation/9.2.24.v20180105/jetty-continuation-9.2.24.v20180105.jar:/Users/linmao.xia/.m2/repository/org/eclipse/jetty/jetty-util/9.2.24.v20180105/jetty-util-9.2.24.v20180105.jar:/Users/linmao.xia/.m2/repository/org/eclipse/jetty/jetty-webapp/9.2.24.v20180105/jetty-webapp-9.2.24.v20180105.jar:/Users/linmao.xia/.m2/repository/org/eclipse/jetty/jetty-xml/9.2.24.v20180105/jetty-xml-9.2.24.v20180105.jar:/Users/linmao.xia/.m2/repository/com/google/guava/guava/20.0/guava-20.0.jar:/Users/linmao.xia/.m2/repository/com/fasterxml/jackson/core/jackson-core/2.8.11/jackson-core-2.8.11.jar:/Users/linmao.xia/.m2/repository/com/fasterxml/jackson/core/jackson-annotations/2.8.11/jackson-annotations-2.8.11.jar:/Users/linmao.xia/.m2/repository/com/fasterxml/jackson/core/jackson-databind/2.8.11.2/jackson-databind-2.8.11.2.jar:/Users/linmao.xia/.m2/repository/org/apache/httpcomponents/httpclient/4.5.5/httpclient-4.5.5.jar:/Users/linmao.xia/.m2/repository/org/apache/httpcomponents/httpcore/4.4.9/httpcore-4.4.9.jar:/Users/linmao.xia/.m2/repository/commons-logging/commons-logging/1.2/commons-logging-1.2.jar:/Users/linmao.xia/.m2/repository/commons-codec/commons-codec/1.10/commons-codec-1.10.jar:/Users/linmao.xia/.m2/repository/org/xmlunit/xmlunit-core/2.5.1/xmlunit-core-2.5.1.jar:/Users/linmao.xia/.m2/repository/org/xmlunit/xmlunit-legacy/2.5.1/xmlunit-legacy-2.5.1.jar:/Users/linmao.xia/.m2/repository/com/jayway/jsonpath/json-path/2.4.0/json-path-2.4.0.jar:/Users/linmao.xia/.m2/repository/net/minidev/json-smart/2.3/json-smart-2.3.jar:/Users/linmao.xia/.m2/repository/net/minidev/accessors-smart/1.2/accessors-smart-1.2.jar:/Users/linmao.xia/.m2/repository/org/ow2/asm/asm/5.0.4/asm-5.0.4.jar:/Users/linmao.xia/.m2/repository/org/slf4j/slf4j-api/1.7.12/slf4j-api-1.7.12.jar:/Users/linmao.xia/.m2/repository/net/sf/jopt-simple/jopt-simple/5.0.3/jopt-simple-5.0.3.jar:/Users/linmao.xia/.m2/repository/org/apache/commons/commons-lang3/3.7/commons-lang3-3.7.jar:/Users/linmao.xia/.m2/repository/com/flipkart/zjsonpatch/zjsonpatch/0.4.4/zjsonpatch-0.4.4.jar:/Users/linmao.xia/.m2/repository/com/github/jknack/handlebars/4.0.7/handlebars-4.0.7.jar:/Users/linmao.xia/.m2/repository/org/antlr/antlr4-runtime/4.7.1/antlr4-runtime-4.7.1.jar:/Users/linmao.xia/.m2/repository/com/github/jknack/handlebars-helpers/4.0.7/handlebars-helpers-4.0.7.jar:"/>
    <property name="sun.cpu.endian" value="little"/>
    <property name="user.home" value="/Users/linmao.xia"/>
    <property name="user.language" value="zh"/>
    <property name="java.specification.vendor" value="Oracle Corporation"/>
    <property name="java.home" value="/Library/Java/JavaVirtualMachines/jdk1.8.0_221.jdk/Contents/Home/jre"/>
    <property name="basedir" value="/Users/linmao.xia/WireMock"/>
    <property name="file.separator" value="/"/>
    <property name="line.separator" value="&#10;"/>
    <property name="java.vm.specification.vendor" value="Oracle Corporation"/>
    <property name="java.specification.name" value="Java Platform API Specification"/>
    <property name="java.awt.graphicsenv" value="sun.awt.CGraphicsEnvironment"/>
    <property name="surefire.real.class.path" value="/Users/linmao.xia/WireMock/target/surefire/surefirebooter512873284056780915.jar"/>
    <property name="sun.boot.class.path" value="/Library/Java/JavaVirtualMachines/jdk1.8.0_221.jdk/Contents/Home/jre/lib/resources.jar:/Library/Java/JavaVirtualMachines/jdk1.8.0_221.jdk/Contents/Home/jre/lib/rt.jar:/Library/Java/JavaVirtualMachines/jdk1.8.0_221.jdk/Contents/Home/jre/lib/sunrsasign.jar:/Library/Java/JavaVirtualMachines/jdk1.8.0_221.jdk/Contents/Home/jre/lib/jsse.jar:/Library/Java/JavaVirtualMachines/jdk1.8.0_221.jdk/Contents/Home/jre/lib/jce.jar:/Library/Java/JavaVirtualMachines/jdk1.8.0_221.jdk/Contents/Home/jre/lib/charsets.jar:/Library/Java/JavaVirtualMachines/jdk1.8.0_221.jdk/Contents/Home/jre/lib/jfr.jar:/Library/Java/JavaVirtualMachines/jdk1.8.0_221.jdk/Contents/Home/jre/classes"/>
    <property name="sun.management.compiler" value="HotSpot 64-Bit Tiered Compilers"/>
    <property name="ftp.nonProxyHosts" value="local|*.local|169.254/16|*.169.254/16"/>
    <property name="java.runtime.version" value="1.8.0_221-b11"/>
    <property name="user.name" value="linmao.xia"/>
    <property name="path.separator" value=":"/>
    <property name="os.version" value="10.14.5"/>
    <property name="java.endorsed.dirs" value="/Library/Java/JavaVirtualMachines/jdk1.8.0_221.jdk/Contents/Home/jre/lib/endorsed"/>
    <property name="java.runtime.name" value="Java(TM) SE Runtime Environment"/>
    <property name="file.encoding" value="UTF-8"/>
    <property name="java.vm.name" value="Java HotSpot(TM) 64-Bit Server VM"/>
    <property name="localRepository" value="/Users/linmao.xia/.m2/repository"/>
    <property name="java.vendor.url.bug" value="http://bugreport.sun.com/bugreport/"/>
    <property name="java.io.tmpdir" value="/var/folders/_b/zg42njwd5s57k6c183609v9w0000gn/T/"/>
    <property name="java.version" value="1.8.0_221"/>
    <property name="user.dir" value="/Users/linmao.xia/WireMock"/>
    <property name="os.arch" value="x86_64"/>
    <property name="java.vm.specification.name" value="Java Virtual Machine Specification"/>
    <property name="java.awt.printerjob" value="sun.lwawt.macosx.CPrinterJob"/>
    <property name="sun.os.patch.level" value="unknown"/>
    <property name="java.library.path" value="/Users/linmao.xia/Library/Java/Extensions:/Library/Java/Extensions:/Network/Library/Java/Extensions:/System/Library/Java/Extensions:/usr/lib/java:."/>
    <property name="java.vm.info" value="mixed mode"/>
    <property name="java.vendor" value="Oracle Corporation"/>
    <property name="java.vm.version" value="25.221-b11"/>
    <property name="java.ext.dirs" value="/Users/linmao.xia/Library/Java/Extensions:/Library/Java/JavaVirtualMachines/jdk1.8.0_221.jdk/Contents/Home/jre/lib/ext:/Library/Java/Extensions:/Network/Library/Java/Extensions:/System/Library/Java/Extensions:/usr/lib/java"/>
    <property name="sun.io.unicode.encoding" value="UnicodeBig"/>
    <property name="java.class.version" value="52.0"/>
    <property name="socksNonProxyHosts" value="local|*.local|169.254/16|*.169.254/16"/>
  </properties>
  <testcase name="shouldAnswerWithTrue" classname="com.github.AppTest" time="0.001"/>
</testsuite>